<?xml version="1.0" encoding="UTF-8"?>
<!-- Generated by org.testng.reporters.JUnitXMLReporter -->
<testsuite ignored="0" hostname="DESKTOP-8CID97K" failures="0" tests="5" name="Default test" time="18.718" errors="0" timestamp="2022-11-10T11:20:41 IST">
  <testcase classname="testng.TestNG_Descritpion" name="testCase_5" time="2.644"/>
  <testcase classname="testng.TestNG_Descritpion" name="testCase_1" time="1.457"/>
  <testcase classname="testng.TestNG_Descritpion" name="testCase_3" time="8.068"/>
  <testcase classname="testng.TestNG_Descritpion" name="testCase_2" time="3.175"/>
  <testcase classname="testng.TestNG_Descritpion" name="testCase_4" time="1.018"/>
</testsuite> <!-- Default test -->
